<?xml version="1.0" encoding="UTF-8"?>
<coverage generated="1650354145681" clover="3.2.0">
  <project timestamp="1650354145683" name="All files">
    <metrics statements="21" coveredstatements="21" conditionals="15" coveredconditionals="15" methods="8" coveredmethods="8" elements="44" coveredelements="44" complexity="0" loc="21" ncloc="21" packages="1" files="2" classes="2"/>
    <file name="data.js" path="/home/art/hexlet_projects/frontend-project-lvl2/src/data.js">
      <metrics statements="4" coveredstatements="4" conditionals="0" coveredconditionals="0" methods="2" coveredmethods="2"/>
      <line num="6" count="1" type="stmt"/>
      <line num="7" count="1" type="stmt"/>
      <line num="9" count="3" type="stmt"/>
      <line num="10" count="3" type="stmt"/>
    </file>
    <file name="index.js" path="/home/art/hexlet_projects/frontend-project-lvl2/src/index.js">
      <metrics statements="17" coveredstatements="17" conditionals="15" coveredconditionals="15" methods="6" coveredmethods="6"/>
      <line num="5" count="2" type="stmt"/>
      <line num="6" count="2" type="stmt"/>
      <line num="7" count="1" type="stmt"/>
      <line num="8" count="1" type="stmt"/>
      <line num="9" count="1" type="stmt"/>
      <line num="10" count="1" type="stmt"/>
      <line num="11" count="5" type="stmt"/>
      <line num="12" count="5" type="stmt"/>
      <line num="13" count="5" type="stmt"/>
      <line num="14" count="5" type="cond" truecount="4" falsecount="0"/>
      <line num="15" count="3" type="cond" truecount="4" falsecount="0"/>
      <line num="16" count="2" type="cond" truecount="5" falsecount="0"/>
      <line num="17" count="1" type="stmt"/>
      <line num="19" count="1" type="stmt"/>
      <line num="21" count="5" type="stmt"/>
      <line num="23" count="6" type="stmt"/>
      <line num="24" count="1" type="stmt"/>
    </file>
  </project>
</coverage>
