TN:
SF:src/data.js
FN:9,(anonymous_0)
FN:10,(anonymous_1)
FNF:2
FNH:2
FNDA:3,(anonymous_0)
FNDA:3,(anonymous_1)
DA:6,1
DA:7,1
DA:9,3
DA:10,3
LF:4
LH:4
BRF:0
BRH:0
end_of_record
TN:
SF:src/index.js
FN:4,(anonymous_0)
FN:5,(anonymous_1)
FN:6,(anonymous_2)
FN:10,(anonymous_3)
FN:11,(anonymous_4)
FN:23,(anonymous_5)
FNF:6
FNH:6
FNDA:1,(anonymous_0)
FNDA:2,(anonymous_1)
FNDA:2,(anonymous_2)
FNDA:5,(anonymous_3)
FNDA:5,(anonymous_4)
FNDA:6,(anonymous_5)
DA:5,2
DA:6,2
DA:7,1
DA:8,1
DA:9,1
DA:10,1
DA:11,5
DA:12,5
DA:13,5
DA:14,5
DA:15,3
DA:16,2
DA:17,1
DA:19,1
DA:21,5
DA:23,6
DA:24,1
LF:17
LH:17
BRDA:4,0,0,1
BRDA:4,1,0,1
BRDA:14,2,0,2
BRDA:14,2,1,3
BRDA:14,3,0,5
BRDA:14,3,1,4
BRDA:15,4,0,1
BRDA:15,4,1,2
BRDA:15,5,0,3
BRDA:15,5,1,3
BRDA:16,6,0,1
BRDA:16,6,1,1
BRDA:16,7,0,2
BRDA:16,7,1,2
BRDA:16,7,2,2
BRF:15
BRH:15
end_of_record
